\BOOKMARK [0][-]{chapter.1}{\376\377\000I\000n\000t\000r\000o\000d\000u\000c\000t\000i\000o\000n}{}% 1
\BOOKMARK [1][-]{section.1.1}{\376\377\000C\000o\000n\000t\000e\000x\000t\000e}{chapter.1}% 2
\BOOKMARK [1][-]{section.1.2}{\376\377\000O\000b\000j\000e\000c\000t\000i\000f\000s\000\040\000D\000e\000v\000O\000p\000s}{chapter.1}% 3
\BOOKMARK [0][-]{chapter.2}{\376\377\000A\000r\000c\000h\000i\000t\000e\000c\000t\000u\000r\000e\000\040\000L\000o\000g\000i\000c\000i\000e\000l\000l\000e}{}% 4
\BOOKMARK [1][-]{section.2.1}{\376\377\000A\000r\000c\000h\000i\000t\000e\000c\000t\000u\000r\000e\000\040\000g\000l\000o\000b\000a\000l\000e}{chapter.2}% 5
\BOOKMARK [1][-]{section.2.2}{\376\377\000A\000r\000c\000h\000i\000t\000e\000c\000t\000u\000r\000e\000\040\000e\000n\000\040\000c\000o\000u\000c\000h\000e\000s\000\040\000\050\000p\000a\000r\000\040\000s\000e\000r\000v\000i\000c\000e\000\051}{chapter.2}% 6
\BOOKMARK [2][-]{subsection.2.2.1}{\376\377\000G\000o\000a\000t\000\040\000S\000e\000r\000v\000i\000c\000e}{section.2.2}% 7
\BOOKMARK [2][-]{subsection.2.2.2}{\376\377\000R\000e\000n\000t\000a\000l\000\040\000S\000e\000r\000v\000i\000c\000e}{section.2.2}% 8
\BOOKMARK [1][-]{section.2.3}{\376\377\000A\000r\000c\000h\000i\000t\000e\000c\000t\000u\000r\000e\000\040\000D\000o\000c\000k\000e\000r}{chapter.2}% 9
\BOOKMARK [0][-]{chapter.3}{\376\377\000P\000i\000p\000e\000l\000i\000n\000e\000\040\000C\000I\000\040\000\050\000C\000o\000n\000t\000i\000n\000u\000o\000u\000s\000\040\000I\000n\000t\000e\000g\000r\000a\000t\000i\000o\000n\000\051}{}% 10
\BOOKMARK [1][-]{section.3.1}{\376\377\000C\000o\000n\000f\000i\000g\000u\000r\000a\000t\000i\000o\000n\000\040\000G\000i\000t\000H\000u\000b\000\040\000A\000c\000t\000i\000o\000n\000s}{chapter.3}% 11
\BOOKMARK [1][-]{section.3.2}{\376\377\000\311\000t\000a\000p\000e\000s\000\040\000d\000u\000\040\000p\000i\000p\000e\000l\000i\000n\000e}{chapter.3}% 12
\BOOKMARK [0][-]{chapter.4}{\376\377\000R\000a\000p\000p\000o\000r\000t\000\040\000d\000e\000\040\000T\000e\000s\000t\000s}{}% 13
\BOOKMARK [1][-]{section.4.1}{\376\377\000T\000e\000s\000t\000s\000\040\000u\000n\000i\000t\000a\000i\000r\000e\000s\000\040\000\050\000c\000o\000u\000c\000h\000e\000\040\000S\000e\000r\000v\000i\000c\000e\000\051}{chapter.4}% 14
\BOOKMARK [2][-]{subsection.4.1.1}{\376\377\000G\000o\000a\000t\000\040\000S\000e\000r\000v\000i\000c\000e}{section.4.1}% 15
\BOOKMARK [2][-]{subsection.4.1.2}{\376\377\000R\000e\000n\000t\000a\000l\000\040\000S\000e\000r\000v\000i\000c\000e}{section.4.1}% 16
\BOOKMARK [1][-]{section.4.2}{\376\377\000T\000e\000s\000t\000s\000\040\000d\000e\000s\000\040\000C\000o\000n\000t\000r\000o\000l\000l\000e\000r\000s\000\040\000\050\000M\000o\000c\000k\000s\000\040\000w\000e\000b\000\040\000a\000v\000e\000c\000\040\000S\000u\000p\000e\000r\000t\000e\000s\000t\000\051}{chapter.4}% 17
\BOOKMARK [2][-]{subsection.4.2.1}{\376\377\000G\000o\000a\000t\000\040\000C\000o\000n\000t\000r\000o\000l\000l\000e\000r}{section.4.2}% 18
\BOOKMARK [2][-]{subsection.4.2.2}{\376\377\000R\000e\000n\000t\000a\000l\000\040\000C\000o\000n\000t\000r\000o\000l\000l\000e\000r}{section.4.2}% 19
\BOOKMARK [1][-]{section.4.3}{\376\377\000T\000e\000s\000t\000s\000\040\000d\000e\000\040\000l\000a\000\040\000c\000o\000u\000c\000h\000e\000\040\000D\000a\000t\000a\000\040\000\050\000R\000e\000p\000o\000s\000i\000t\000o\000r\000y\000\051}{chapter.4}% 20
\BOOKMARK [0][-]{chapter.5}{\376\377\000R\000a\000p\000p\000o\000r\000t\000\040\000d\000e\000\040\000C\000o\000u\000v\000e\000r\000t\000u\000r\000e\000\040\000d\000e\000\040\000C\000o\000d\000e}{}% 21
\BOOKMARK [1][-]{section.5.1}{\376\377\000S\000e\000u\000i\000l\000s\000\040\000d\000e\000\040\000c\000o\000u\000v\000e\000r\000t\000u\000r\000e}{chapter.5}% 22
\BOOKMARK [1][-]{section.5.2}{\376\377\000R\000\351\000s\000u\000l\000t\000a\000t\000s\000\040\000d\000e\000\040\000c\000o\000u\000v\000e\000r\000t\000u\000r\000e}{chapter.5}% 23
\BOOKMARK [0][-]{chapter.6}{\376\377\000R\000a\000p\000p\000o\000r\000t\000\040\000d\000e\000\040\000Q\000u\000a\000l\000i\000t\000\351}{}% 24
\BOOKMARK [1][-]{section.6.1}{\376\377\000S\000o\000n\000a\000r\000Q\000u\000b\000e}{chapter.6}% 25
\BOOKMARK [1][-]{section.6.2}{\376\377\000E\000S\000L\000i\000n\000t}{chapter.6}% 26
\BOOKMARK [0][-]{chapter.7}{\376\377\000C\000a\000p\000t\000u\000r\000e\000s\000\040\000d\000'\000\351\000c\000r\000a\000n\000\040\000d\000e\000s\000\040\000G\000o\000o\000g\000l\000e\000\040\000L\000a\000b\000s}{}% 27
\BOOKMARK [0][-]{chapter.8}{\376\377\000A\000c\000c\000\350\000s\000\040\000a\000u\000x\000\040\000R\000e\000s\000s\000o\000u\000r\000c\000e\000s}{}% 28
\BOOKMARK [1][-]{section.8.1}{\376\377\000D\000\351\000p\000\364\000t\000\040\000G\000i\000t\000\040\000\050\000G\000i\000t\000H\000u\000b\000\051}{chapter.8}% 29
\BOOKMARK [1][-]{section.8.2}{\376\377\000S\000o\000n\000a\000r\000Q\000u\000b\000e}{chapter.8}% 30
\BOOKMARK [1][-]{section.8.3}{\376\377\000H\000a\000r\000b\000o\000r\000\040\000R\000e\000g\000i\000s\000t\000r\000y\000\040\000\050\000I\000m\000a\000g\000e\000s\000\040\000D\000o\000c\000k\000e\000r\000\051}{chapter.8}% 31
\BOOKMARK [0][-]{chapter.9}{\376\377\000C\000o\000n\000c\000l\000u\000s\000i\000o\000n}{}% 32
